running egg_info
creating ../build/team8_pkg/team8_pkg.egg-info
writing ../build/team8_pkg/team8_pkg.egg-info/PKG-INFO
writing dependency_links to ../build/team8_pkg/team8_pkg.egg-info/dependency_links.txt
writing entry points to ../build/team8_pkg/team8_pkg.egg-info/entry_points.txt
writing requirements to ../build/team8_pkg/team8_pkg.egg-info/requires.txt
writing top-level names to ../build/team8_pkg/team8_pkg.egg-info/top_level.txt
writing manifest file '../build/team8_pkg/team8_pkg.egg-info/SOURCES.txt'
reading manifest file '../build/team8_pkg/team8_pkg.egg-info/SOURCES.txt'
writing manifest file '../build/team8_pkg/team8_pkg.egg-info/SOURCES.txt'
running build
running build_py
creating /home/projects/ros2_ws/src/148-spring-2025-final-project-team-8/build/team8_pkg/build
creating /home/projects/ros2_ws/src/148-spring-2025-final-project-team-8/build/team8_pkg/build/lib
creating /home/projects/ros2_ws/src/148-spring-2025-final-project-team-8/build/team8_pkg/build/lib/team8_pkg
copying team8_pkg/__init__.py -> /home/projects/ros2_ws/src/148-spring-2025-final-project-team-8/build/team8_pkg/build/lib/team8_pkg
copying team8_pkg/lane_guidance_node.py -> /home/projects/ros2_ws/src/148-spring-2025-final-project-team-8/build/team8_pkg/build/lib/team8_pkg
copying team8_pkg/target_node.py -> /home/projects/ros2_ws/src/148-spring-2025-final-project-team-8/build/team8_pkg/build/lib/team8_pkg
copying team8_pkg/lane_detection_node.py -> /home/projects/ros2_ws/src/148-spring-2025-final-project-team-8/build/team8_pkg/build/lib/team8_pkg
copying team8_pkg/mraysu_node.py -> /home/projects/ros2_ws/src/148-spring-2025-final-project-team-8/build/team8_pkg/build/lib/team8_pkg
copying team8_pkg/depth_node.py -> /home/projects/ros2_ws/src/148-spring-2025-final-project-team-8/build/team8_pkg/build/lib/team8_pkg
running install
running install_lib
creating /home/projects/ros2_ws/src/148-spring-2025-final-project-team-8/install/team8_pkg/lib/python3.8/site-packages/team8_pkg
copying /home/projects/ros2_ws/src/148-spring-2025-final-project-team-8/build/team8_pkg/build/lib/team8_pkg/__init__.py -> /home/projects/ros2_ws/src/148-spring-2025-final-project-team-8/install/team8_pkg/lib/python3.8/site-packages/team8_pkg
copying /home/projects/ros2_ws/src/148-spring-2025-final-project-team-8/build/team8_pkg/build/lib/team8_pkg/lane_guidance_node.py -> /home/projects/ros2_ws/src/148-spring-2025-final-project-team-8/install/team8_pkg/lib/python3.8/site-packages/team8_pkg
copying /home/projects/ros2_ws/src/148-spring-2025-final-project-team-8/build/team8_pkg/build/lib/team8_pkg/target_node.py -> /home/projects/ros2_ws/src/148-spring-2025-final-project-team-8/install/team8_pkg/lib/python3.8/site-packages/team8_pkg
copying /home/projects/ros2_ws/src/148-spring-2025-final-project-team-8/build/team8_pkg/build/lib/team8_pkg/lane_detection_node.py -> /home/projects/ros2_ws/src/148-spring-2025-final-project-team-8/install/team8_pkg/lib/python3.8/site-packages/team8_pkg
copying /home/projects/ros2_ws/src/148-spring-2025-final-project-team-8/build/team8_pkg/build/lib/team8_pkg/mraysu_node.py -> /home/projects/ros2_ws/src/148-spring-2025-final-project-team-8/install/team8_pkg/lib/python3.8/site-packages/team8_pkg
copying /home/projects/ros2_ws/src/148-spring-2025-final-project-team-8/build/team8_pkg/build/lib/team8_pkg/depth_node.py -> /home/projects/ros2_ws/src/148-spring-2025-final-project-team-8/install/team8_pkg/lib/python3.8/site-packages/team8_pkg
byte-compiling /home/projects/ros2_ws/src/148-spring-2025-final-project-team-8/install/team8_pkg/lib/python3.8/site-packages/team8_pkg/__init__.py to __init__.cpython-38.pyc
byte-compiling /home/projects/ros2_ws/src/148-spring-2025-final-project-team-8/install/team8_pkg/lib/python3.8/site-packages/team8_pkg/lane_guidance_node.py to lane_guidance_node.cpython-38.pyc
byte-compiling /home/projects/ros2_ws/src/148-spring-2025-final-project-team-8/install/team8_pkg/lib/python3.8/site-packages/team8_pkg/target_node.py to target_node.cpython-38.pyc
byte-compiling /home/projects/ros2_ws/src/148-spring-2025-final-project-team-8/install/team8_pkg/lib/python3.8/site-packages/team8_pkg/lane_detection_node.py to lane_detection_node.cpython-38.pyc
byte-compiling /home/projects/ros2_ws/src/148-spring-2025-final-project-team-8/install/team8_pkg/lib/python3.8/site-packages/team8_pkg/mraysu_node.py to mraysu_node.cpython-38.pyc
byte-compiling /home/projects/ros2_ws/src/148-spring-2025-final-project-team-8/install/team8_pkg/lib/python3.8/site-packages/team8_pkg/depth_node.py to depth_node.cpython-38.pyc
running install_data
creating /home/projects/ros2_ws/src/148-spring-2025-final-project-team-8/install/team8_pkg/share/ament_index
creating /home/projects/ros2_ws/src/148-spring-2025-final-project-team-8/install/team8_pkg/share/ament_index/resource_index
creating /home/projects/ros2_ws/src/148-spring-2025-final-project-team-8/install/team8_pkg/share/ament_index/resource_index/packages
copying resource/team8_pkg -> /home/projects/ros2_ws/src/148-spring-2025-final-project-team-8/install/team8_pkg/share/ament_index/resource_index/packages
copying package.xml -> /home/projects/ros2_ws/src/148-spring-2025-final-project-team-8/install/team8_pkg/share/team8_pkg
creating /home/projects/ros2_ws/src/148-spring-2025-final-project-team-8/install/team8_pkg/share/team8_pkg/launch
copying launch/team8_pkg.launch.py -> /home/projects/ros2_ws/src/148-spring-2025-final-project-team-8/install/team8_pkg/share/team8_pkg/launch
copying launch/camera_nav_calibration.launch.py -> /home/projects/ros2_ws/src/148-spring-2025-final-project-team-8/install/team8_pkg/share/team8_pkg/launch
copying launch/camera_nav.launch.py -> /home/projects/ros2_ws/src/148-spring-2025-final-project-team-8/install/team8_pkg/share/team8_pkg/launch
running install_egg_info
Copying ../build/team8_pkg/team8_pkg.egg-info to /home/projects/ros2_ws/src/148-spring-2025-final-project-team-8/install/team8_pkg/lib/python3.8/site-packages/team8_pkg-0.0.0-py3.8.egg-info
running install_scripts
Installing depth_node script to /home/projects/ros2_ws/src/148-spring-2025-final-project-team-8/install/team8_pkg/lib/team8_pkg
Installing target_node script to /home/projects/ros2_ws/src/148-spring-2025-final-project-team-8/install/team8_pkg/lib/team8_pkg
writing list of installed files to '/home/projects/ros2_ws/src/148-spring-2025-final-project-team-8/build/team8_pkg/install.log'
