/home/projects/ros2_ws/src/148-spring-2025-final-project-team-8/install/team8_pkg/lib/python3.8/site-packages/team8_pkg/__init__.py
/home/projects/ros2_ws/src/148-spring-2025-final-project-team-8/install/team8_pkg/lib/python3.8/site-packages/team8_pkg/lane_guidance_node.py
/home/projects/ros2_ws/src/148-spring-2025-final-project-team-8/install/team8_pkg/lib/python3.8/site-packages/team8_pkg/target_node.py
/home/projects/ros2_ws/src/148-spring-2025-final-project-team-8/install/team8_pkg/lib/python3.8/site-packages/team8_pkg/lane_detection_node.py
/home/projects/ros2_ws/src/148-spring-2025-final-project-team-8/install/team8_pkg/lib/python3.8/site-packages/team8_pkg/mraysu_node.py
/home/projects/ros2_ws/src/148-spring-2025-final-project-team-8/install/team8_pkg/lib/python3.8/site-packages/team8_pkg/depth_node.py
/home/projects/ros2_ws/src/148-spring-2025-final-project-team-8/install/team8_pkg/lib/python3.8/site-packages/team8_pkg/__pycache__/__init__.cpython-38.pyc
/home/projects/ros2_ws/src/148-spring-2025-final-project-team-8/install/team8_pkg/lib/python3.8/site-packages/team8_pkg/__pycache__/lane_guidance_node.cpython-38.pyc
/home/projects/ros2_ws/src/148-spring-2025-final-project-team-8/install/team8_pkg/lib/python3.8/site-packages/team8_pkg/__pycache__/target_node.cpython-38.pyc
/home/projects/ros2_ws/src/148-spring-2025-final-project-team-8/install/team8_pkg/lib/python3.8/site-packages/team8_pkg/__pycache__/lane_detection_node.cpython-38.pyc
/home/projects/ros2_ws/src/148-spring-2025-final-project-team-8/install/team8_pkg/lib/python3.8/site-packages/team8_pkg/__pycache__/mraysu_node.cpython-38.pyc
/home/projects/ros2_ws/src/148-spring-2025-final-project-team-8/install/team8_pkg/lib/python3.8/site-packages/team8_pkg/__pycache__/depth_node.cpython-38.pyc
/home/projects/ros2_ws/src/148-spring-2025-final-project-team-8/install/team8_pkg/share/ament_index/resource_index/packages/team8_pkg
/home/projects/ros2_ws/src/148-spring-2025-final-project-team-8/install/team8_pkg/share/team8_pkg/package.xml
/home/projects/ros2_ws/src/148-spring-2025-final-project-team-8/install/team8_pkg/share/team8_pkg/launch/team8_pkg.launch.py
/home/projects/ros2_ws/src/148-spring-2025-final-project-team-8/install/team8_pkg/share/team8_pkg/launch/camera_nav_calibration.launch.py
/home/projects/ros2_ws/src/148-spring-2025-final-project-team-8/install/team8_pkg/share/team8_pkg/launch/camera_nav.launch.py
/home/projects/ros2_ws/src/148-spring-2025-final-project-team-8/install/team8_pkg/lib/python3.8/site-packages/team8_pkg-0.0.0-py3.8.egg-info/PKG-INFO
/home/projects/ros2_ws/src/148-spring-2025-final-project-team-8/install/team8_pkg/lib/python3.8/site-packages/team8_pkg-0.0.0-py3.8.egg-info/top_level.txt
/home/projects/ros2_ws/src/148-spring-2025-final-project-team-8/install/team8_pkg/lib/python3.8/site-packages/team8_pkg-0.0.0-py3.8.egg-info/SOURCES.txt
/home/projects/ros2_ws/src/148-spring-2025-final-project-team-8/install/team8_pkg/lib/python3.8/site-packages/team8_pkg-0.0.0-py3.8.egg-info/zip-safe
/home/projects/ros2_ws/src/148-spring-2025-final-project-team-8/install/team8_pkg/lib/python3.8/site-packages/team8_pkg-0.0.0-py3.8.egg-info/requires.txt
/home/projects/ros2_ws/src/148-spring-2025-final-project-team-8/install/team8_pkg/lib/python3.8/site-packages/team8_pkg-0.0.0-py3.8.egg-info/entry_points.txt
/home/projects/ros2_ws/src/148-spring-2025-final-project-team-8/install/team8_pkg/lib/python3.8/site-packages/team8_pkg-0.0.0-py3.8.egg-info/dependency_links.txt
/home/projects/ros2_ws/src/148-spring-2025-final-project-team-8/install/team8_pkg/lib/team8_pkg/depth_node
/home/projects/ros2_ws/src/148-spring-2025-final-project-team-8/install/team8_pkg/lib/team8_pkg/target_node
